####### 2013-06-07 17:55:29 +0800 #######
"\xFE\xCA"  0101136061100.html
"\xFE\xCA"	0101136092500.html
"\xF9\xDB"	0102559071000.html
"\xF9\xDB"	0102563121000.html
"\xF9\xDB"	0102570012300.html
"\xF9\xDB"	0102576071600.html
"\xF9\xDB"	0102586032100.html
"\xF9\xDB"	0102588011400.html
"\xF9\xDB"	0102588062200.html
"\xF9\xDB"	0102590060100.html
"\xF9\xDB"	0102593060800.html
"\x93\xC6"	0102598051200.html
"\xF9\xD8"	0115019061400.html
"\x97\xAB"	0116796061500.html
"\x81c"	01177100050600.html
"\xFD]"	0120478012600.html
"\xFEN"	0126696030200.html
"\xA1\xFE"	01513100010700.html
"\xA1\xFE"	01513100011000.html
"\xA1\xFE"	01513100102500.html
"\xA1\xFE"	01513100121400.html
"\xA1\xFE"	01513101072500.html
"\xA1\xFE"	01513101112000.html
"\xA1\xFE"	0151344121300.html
"\xA1\xFE"	0151352011500.html
"\xA1\xFE"	0151357123000.html
"\xA1\xFE"	0151359122900.html
"\xA1\xFE"	0151360122800.html
"\xA1\xFE"	0151361123000.html
"\xA1\xFE"	0151362122800.html
"\xA1\xFE"	0151363121700.html
"\xA1\xFE"	0151366012100.html
"\xA1\xFE"	0151368010900.html
"\xA1\xFE"	0151368032300.html
"\xA1\xFE"	0151368060500.html
"\xA1\xFE"	0151369122600.html
"\xA1\xFE"	0151371122800.html
"\xA1\xFE"	0151372122700.html
"\xA1\xFE"	0151373122600.html
"\xA1\xFE"	0151374122400.html
"\xA1\xFE"	0151376122400.html
"\xA1\xFE"	0151378122900.html
"\xA1\xFE"	0151380122700.html
"\xA1\xFE"	0151382011800.html
"\xA1\xFE"	0151382070900.html
"\xA1\xFE"	0151384011200.html
"\xA1\xFE"	0151386122600.html
"\xA1\xFE"	0151387052800.html
"\xA1\xFE"	0151388011400.html
"\xA1\xFE"	0151389121500.html
"\xA1\xFE"	0151389122800.html
"\xA1\xFE"	0151390052900.html
"\xA1\xFE"	0151391010800.html
"\xA1\xFE"	0151391122700.html
"\xA1\xFE"	0151392060600.html
"\xA1\xFE"	0151394120600.html
"\xA1\xFE"	0151395050500.html
"\xA1\xFE"	0151395052600.html
"\xA1\xFE"	0151396061400.html
"\xA1\xFE"	0151396061500.html
"\xA1\xFE"	0151396121400.html
"\xA1\xFE"	0151397121200.html
"\xA1\xFE"	0151398010600.html
"\xA1\xFE"	0151398033100.html
"\xA1\xFE"	0151398050100.html
"\xA1\xFE"	0151399052800.html
"\xA1\xFE"	01517100011000.html
"\xA1\xFE"	01517100121400.html
"\xA1\xFE"	0151737031600.html
"\xA1\xFE"	0151737050100.html
"\xA1\xFE"	0151741050200.html
"\xA1\xFE"	0151743070900.html
"\xA1\xFE"	0151747071100.html
"\xF9\xDB"	0151751081400.html
"\xF9\xDB"	0151754051800.html
"\xF9\xDB"	0151757061400.html
"\xF9\xDB"	0151760010800.html
"\xF9\xDB"	0151761072500.html
"\xF9\xDB"	0151765122400.html
"\xF9\xDB"	0151768052500.html
"\xF9\xDB"	0151770071700.html
"\xF9\xDB"	0151775011400.html
"\xA1\xFE"	0151779011800.html
"\xA1\xFE"	0151782070900.html
"\xA1\xFE"	0151784061300.html
"\xA1\xFE"	0151786041500.html
"\xA1\xFE"	0151790092700.html
"\xA1\xFE"	0151790101100.html
"\xA1\xFE"	0151791062000.html
"\xA1\xFE"	0151796061400.html
"\xA1\xFE"	0151798011200.html
"\xA1\xFE"	0151798051500.html
"\xA1\xFE"	0151798121100.html
"\xA1\xFE"	0152330062000.html
"\xA1\xFE"	0152333062800.html
"\xA1\xFE"	0152334092900.html
"\xA1\xFE"	0152335073000.html
"\xA1\xFE"	0152336070300.html
"\xA1\xFE"	0152337031700.html
"\xA1\xFE"	0152337050100.html
"\xA1\xFE"	0152337072000.html
"\xFD\xA8"	0158242062300.html
"\xFD\xA8"	0158244011500.html
"\x96\xE1"	01721102011100.html
"\x95\xB4"	0172698102300.html
"\x95\xB4"	0172698122200.html
"\xA1\xFE"	0181064042500.html
"\xA1\xFE"	0181069111400.html
"\xA1\xFE"	0181083052400.html
"\xA1\xFE"	0181086041800.html
"\xA1\xFE"	0181086111100.html
"\x93\xC6"	01877100061400.html
"\xFBA"	0191892120900.html
"\xA1\xFE"	0192849083100.html
"\xA1\xFE"	0192853122200.html
"\xA1\xFE"	0192854060800.html
"\xA1\xFE"	0192856032100.html
"\xFDD"	0194466062800.html
"\xFDD"	0201764071100.html
"\xFDD"	0201770071700.html
"\xA1\xFE"	0201924061400.html
"\xA1\xFE"	0201930032200.html
"\xA1\xFE"	0201930101800.html
"\xA1\xFE"	0201930122700.html
"\xA1\xFE"	0201931112800.html
"\xA1\xFE"	0201932051500.html
"\xA1\xFE"	0201933021500.html
"\xA1\xFE"	0201937111600.html
"\xA1\xFE"	0201937123100.html
"\xA1\xFE"	0201938051300.html
"\xA1\xFE"	0201941111800.html
"\xF9\xDA"	0230121081300.html
"\xF9\xDB"	02406100061400.html
"\xF9\xDB"	0240664122600.html
"\xF9\xDB"	0240671052500.html
"\xF9\xDB"	0240682071400.html
"\xF9\xDB"	0240688033000.html
"\xF9\xDB"	0240691123100.html
"\xF9\xDB"	0240692120900.html
"\xF9\xDB"	0240695052600.html
"\xF9\xDB"	0250467051600.html
"\xF9\xDB"	0250484121900.html
"\xF9\xDB"	02509100011000.html
"\xF9\xDB"	02509101060500.html
"\xF9\xDB"	02509102041600.html
"\xF9\xDB"	0250968031600.html
"\xF9\xDB"	0250988113000.html
"\xF9\xDB"	0250992011300.html
"\xF9\xDB"	0250996030500.html
"\xF9\xDB"	0251561121900.html
"\xF9\xDB"	0251568032300.html
"\xF9\xDB"	0251574051700.html
"\xF9\xDB"	0251580051000.html
"\xF9\xDB"	0251588113000.html
"\xF9\xDB"	0251591051700.html
"\xF9\xDB"	0253198051200.html
"\xFDC"	0310162082200.html
"\xFDC"	0310169011800.html
"\x8Ek"	0312795010600.html
"\xFD\xD2"	0371995010600.html
"\xA1\xFE"	0440291011500.html
"\xA1\xFE"	0440296113000.html
"\xA1\xFE"	0440296120700.html
"\xA1\xFE"	0440298011300.html
"\x97\xAB"	04502100110100.html
"\x97\xAB"	0450296061500.html
"\x97\xAB"	0450297052300.html
"\x97\xAB"	0450299110500.html
"\x90A"	0512592050200.html
"\x90A"	0512597042200.html
"\x90A"	0512597071800.html
"\x90A"	0512599042700.html
"\xF9\xD8"	9001719071900.html
9004275111800.html no contents
9010662032700.html no contents
